빌드 시작: 2014-06-30 오전 10:49:11
     1>2 노드의 "C:\Users\JeongUk\Desktop\RobotArms_0515 (2)\RobotArms\RobotArms.vcxproj" 프로젝트(build 대상)입니다.
     1>InitializeBuildStatus:
         "AlwaysCreate"이(가) 지정되었기 때문에 "Debug\RobotArms.unsuccessfulbuild"을(를) 만들고 있습니다.
       ClCompile:
         모든 출력이 최신 상태입니다.
         C:\Program Files (x86)\Microsoft Visual Studio 10.0\VC\bin\CL.exe /c /ZI /nologo /W3 /WX- /Od /Oy- /D WIN32 /D _WINDOWS /D _DEBUG /D _MBCS /D _AFXDLL /Gm /EHsc /RTC1 /MDd /GS /fp:precise /Zc:wchar_t /Zc:forScope /Yu"StdAfx.h" /Fp"Debug\RobotArms.pch" /Fo"Debug\\" /Fd"Debug\vc100.pdb" /Gd /TP /analyze- /errorReport:prompt RobotArmsDlg.cpp
         RobotArmsDlg.cpp
     1>c:\users\jeonguk\desktop\robotarms_0515 (2)\robotarms\myinversekinematic.h(81): warning C4305: '초기화 중' : 'double'에서 'float'(으)로 잘립니다.
     1>c:\users\jeonguk\desktop\robotarms_0515 (2)\robotarms\myinversekinematic.h(82): warning C4305: '초기화 중' : 'double'에서 'float'(으)로 잘립니다.
       ResourceCompile:
         C:\Program Files (x86)\Microsoft SDKs\Windows\v7.0A\bin\rc.exe /D _DEBUG /D _AFXDLL /l"0x0412" /IDebug\ /nologo /fo"Debug\RobotArms.res" RobotArms.rc 
       ManifestResourceCompile:
         모든 출력이 최신 상태입니다.
       Link:
         C:\Program Files (x86)\Microsoft Visual Studio 10.0\VC\bin\link.exe /ERRORREPORT:PROMPT /OUT:"C:\Users\JeongUk\Desktop\RobotArms_0515 (2)\Debug\RobotArms.exe" /INCREMENTAL /NOLOGO /MANIFEST /ManifestFile:"Debug\RobotArms.exe.intermediate.manifest" /MANIFESTUAC:"level='asInvoker' uiAccess='false'" /DEBUG /PDB:"C:\Users\JeongUk\Desktop\RobotArms_0515 (2)\Debug\RobotArms.pdb" /SUBSYSTEM:WINDOWS /TLBID:1 /DYNAMICBASE /NXCOMPAT /IMPLIB:"C:\Users\JeongUk\Desktop\RobotArms_0515 (2)\Debug\RobotArms.lib" /MACHINE:X86 Debug\RobotArms.res
         Debug\RobotArms.exe.embed.manifest.res
         Debug\GrapTouchPen.obj
         Debug\MyButton.obj
         Debug\MyComm.obj
         Debug\MyInverseKinematic.obj
         Debug\RevisionPageOne.obj
         Debug\RevisionPageThree.obj
         Debug\RevisionPageTwo.obj
         Debug\RobotArms.obj
         Debug\RobotArmsDlg.obj
         Debug\serialcomdlg.obj
         Debug\SettingPageOne.obj
         Debug\SettingPageThree.obj
         Debug\SettingPageTwo.obj
         Debug\stdafx.obj
       Manifest:
         C:\Program Files (x86)\Microsoft SDKs\Windows\v7.0A\bin\mt.exe /nologo /verbose /out:"Debug\RobotArms.exe.embed.manifest" /manifest Debug\RobotArms.exe.intermediate.manifest "C:\Program Files (x86)\Microsoft Visual Studio 10.0\VC\Include\Manifest\dpiaware.manifest"
         모든 출력이 최신 상태입니다.
       LinkEmbedManifest:
         모든 출력이 최신 상태입니다.
         RobotArms.vcxproj -> C:\Users\JeongUk\Desktop\RobotArms_0515 (2)\Debug\RobotArms.exe
       FinalizeBuildStatus:
         "Debug\RobotArms.unsuccessfulbuild" 파일을 삭제하고 있습니다.
         "Debug\RobotArms.lastbuildstate"에 연결(touching)하고 있습니다.
     1>"C:\Users\JeongUk\Desktop\RobotArms_0515 (2)\RobotArms\RobotArms.vcxproj" 프로젝트를 빌드했습니다(build 대상).

빌드했습니다.

경과 시간: 00:00:04.27
